#
# There is insufficient memory for the Java Runtime Environment to continue.
# Native memory allocation (malloc) failed to allocate 32744 bytes for ChunkPool::allocate
# Possible reasons:
#   The system is out of physical RAM or swap space
#   The process is running with CompressedOops enabled, and the Java Heap may be blocking the growth of the native heap
# Possible solutions:
#   Reduce memory load on the system
#   Increase physical memory or swap space
#   Check if swap backing store is full
#   Decrease Java heap size (-Xmx/-Xms)
#   Decrease number of Java threads
#   Decrease Java thread stack sizes (-Xss)
#   Set larger code cache with -XX:ReservedCodeCacheSize=
#   JVM is running with Unscaled Compressed Oops mode in which the Java heap is
#     placed in the first 4GB address space. The Java Heap base address is the
#     maximum limit for the native heap growth. Please use -XX:HeapBaseMinAddress
#     to set the Java Heap base and to place the Java Heap above 4GB virtual address.
# This output file may be truncated or incomplete.
#
#  Out of Memory Error (allocation.cpp:272), pid=4332, tid=0x00000000000004a4
#
# JRE version: Java(TM) SE Runtime Environment (8.0_301-b09) (build 1.8.0_301-b09)
# Java VM: Java HotSpot(TM) 64-Bit Server VM (25.301-b09 mixed mode windows-amd64 compressed oops)
# Failed to write core dump. Minidumps are not enabled by default on client versions of Windows
#

---------------  T H R E A D  ---------------

Current thread (0x0000021666b60000):  JavaThread "C1 CompilerThread3" daemon [_thread_in_native, id=1188, stack(0x00000091cd800000,0x00000091cd900000)]

Stack: [0x00000091cd800000,0x00000091cd900000]
Native frames: (J=compiled Java code, j=interpreted, Vv=VM code, C=native code)
V  [jvm.dll+0x32ed79]


Current CompileTask:
C1:   1492 1336   !   1       com.sun.org.apache.xerces.internal.impl.XMLDocumentFragmentScannerImpl$FragmentContentDriver::next (2395 bytes)


---------------  P R O C E S S  ---------------

Java Threads: ( => current thread )
  0x0000021669831000 JavaThread "JMX server connection timeout 19" daemon [_thread_blocked, id=13212, stack(0x00000091ce200000,0x00000091ce300000)]
  0x000002166982d800 JavaThread "RMI TCP Connection(2)-127.0.0.1" daemon [_thread_blocked, id=2008, stack(0x00000091ce100000,0x00000091ce200000)]
  0x0000021669815800 JavaThread "RMI Scheduler(0)" daemon [_thread_blocked, id=13844, stack(0x00000091ce000000,0x00000091ce100000)]
  0x00000216697ce000 JavaThread "RMI TCP Connection(1)-127.0.0.1" daemon [_thread_in_native, id=7048, stack(0x00000091cdf00000,0x00000091ce000000)]
  0x00000216697cb000 JavaThread "background-preinit" [_thread_blocked, id=7884, stack(0x00000091cde00000,0x00000091cdf00000)]
  0x0000021669599800 JavaThread "RMI TCP Accept-0" daemon [_thread_in_native, id=6356, stack(0x00000091cdc00000,0x00000091cdd00000)]
  0x000002166958b800 JavaThread "RMI TCP Accept-52917" daemon [_thread_in_native, id=4112, stack(0x00000091cdb00000,0x00000091cdc00000)]
  0x000002166957d000 JavaThread "RMI TCP Accept-0" daemon [_thread_in_native, id=11248, stack(0x00000091cda00000,0x00000091cdb00000)]
  0x00000216689ed000 JavaThread "Service Thread" daemon [_thread_blocked, id=11460, stack(0x00000091cd900000,0x00000091cda00000)]
=>0x0000021666b60000 JavaThread "C1 CompilerThread3" daemon [_thread_in_native, id=1188, stack(0x00000091cd800000,0x00000091cd900000)]
  0x0000021666b59800 JavaThread "C2 CompilerThread2" daemon [_thread_blocked, id=9888, stack(0x00000091cd700000,0x00000091cd800000)]
  0x0000021666b4c000 JavaThread "C2 CompilerThread1" daemon [_thread_blocked, id=4160, stack(0x00000091cd600000,0x00000091cd700000)]
  0x0000021666b4a000 JavaThread "C2 CompilerThread0" daemon [_thread_blocked, id=14240, stack(0x00000091cd500000,0x00000091cd600000)]
  0x0000021666b45800 JavaThread "Attach Listener" daemon [_thread_blocked, id=9508, stack(0x00000091cd400000,0x00000091cd500000)]
  0x0000021666b45000 JavaThread "Signal Dispatcher" daemon [_thread_blocked, id=9920, stack(0x00000091cd300000,0x00000091cd400000)]
  0x0000021666b28000 JavaThread "Finalizer" daemon [_thread_blocked, id=3080, stack(0x00000091cd200000,0x00000091cd300000)]
  0x0000021666b00800 JavaThread "Reference Handler" daemon [_thread_blocked, id=2172, stack(0x00000091cd100000,0x00000091cd200000)]
  0x000002165090e800 JavaThread "main" [_thread_blocked, id=32, stack(0x00000091cc700000,0x00000091cc800000)]

Other Threads:
  0x0000021666af6800 VMThread [stack: 0x00000091cd000000,0x00000091cd100000] [id=12764]
  0x000002166959d800 WatcherThread [stack: 0x00000091cdd00000,0x00000091cde00000] [id=8312]

VM state:at safepoint (normal execution)

VM Mutex/Monitor currently owned by a thread:  ([mutex/lock_event])
[0x000002165090a600] Threads_lock - owner thread: 0x0000021666af6800
[0x000002165090bc90] Heap_lock - owner thread: 0x00000216697cb000

heap address: 0x0000000081400000, size: 2028 MB, Compressed Oops mode: 32-bit
Narrow klass base: 0x0000000000000000, Narrow klass shift: 3
Compressed class space size: 1073741824 Address: 0x0000000100000000

Heap:
 PSYoungGen      total 38400K, used 9135K [0x00000000d5c00000, 0x00000000d8680000, 0x0000000100000000)
  eden space 33280K, 12% used [0x00000000d5c00000,0x00000000d5fed2d8,0x00000000d7c80000)
  from space 5120K, 99% used [0x00000000d7c80000,0x00000000d817e9c0,0x00000000d8180000)
  to   space 5120K, 97% used [0x00000000d8180000,0x00000000d8662428,0x00000000d8680000)
 ParOldGen       total 87552K, used 3967K [0x0000000081400000, 0x0000000086980000, 0x00000000d5c00000)
  object space 87552K, 4% used [0x0000000081400000,0x00000000817dffd0,0x0000000086980000)
 Metaspace       used 19025K, capacity 19616K, committed 19712K, reserved 1071104K
  class space    used 2560K, capacity 2722K, committed 2816K, reserved 1048576K

Card table byte_map: [0x0000021661680000,0x0000021661a80000] byte_map_base: 0x0000021661276000

Marking Bits: (ParMarkBitMap*) 0x0000000072897fe0
 Begin Bits: [0x0000021661d30000, 0x0000021663ce0000)
 End Bits:   [0x0000021663ce0000, 0x0000021665c90000)

Polling page: 0x0000021652290000

CodeCache: size=245760Kb used=3152Kb max_used=3152Kb free=242608Kb
 bounds [0x00000216522c0000, 0x00000216525e0000, 0x00000216612c0000]
 total_blobs=1732 nmethods=1336 adapters=309
 compilation: enabled

Compilation events (10 events):
Event: 1.433 Thread 0x0000021666b60000 nmethod 1327 0x00000216525d07d0 code [0x00000216525d09c0, 0x00000216525d0f90]
Event: 1.433 Thread 0x0000021666b60000 1332       1       com.sun.org.apache.xerces.internal.util.XMLAttributesImpl::getValue (69 bytes)
Event: 1.434 Thread 0x0000021666b60000 nmethod 1332 0x00000216525d1450 code [0x00000216525d15c0, 0x00000216525d1870]
Event: 1.434 Thread 0x0000021666b60000 1334       1       com.sun.org.apache.xerces.internal.parsers.AbstractSAXParser$AttributesProxy::getURI (22 bytes)
Event: 1.434 Thread 0x0000021666b60000 nmethod 1334 0x00000216525d1a50 code [0x00000216525d1bc0, 0x00000216525d1d78]
Event: 1.434 Thread 0x0000021666b60000 1335       1       org.xml.sax.helpers.AttributesImpl::setValue (32 bytes)
Event: 1.434 Thread 0x0000021666b60000 nmethod 1335 0x00000216525d1f10 code [0x00000216525d20c0, 0x00000216525d2540]
Event: 1.434 Thread 0x0000021666b60000 1333       1       com.sun.org.apache.xerces.internal.impl.XMLDocumentFragmentScannerImpl::scanAttribute (247 bytes)
Event: 1.435 Thread 0x0000021666b60000 nmethod 1333 0x00000216525d2890 code [0x00000216525d2ac0, 0x00000216525d3440]
Event: 1.435 Thread 0x0000021666b60000 1336   !   1       com.sun.org.apache.xerces.internal.impl.XMLDocumentFragmentScannerImpl$FragmentContentDriver::next (2395 bytes)

GC Heap History (7 events):
Event: 0.966 GC heap before
{Heap before GC invocations=1 (full 0):
 PSYoungGen      total 38400K, used 33280K [0x00000000d5c00000, 0x00000000d8680000, 0x0000000100000000)
  eden space 33280K, 100% used [0x00000000d5c00000,0x00000000d7c80000,0x00000000d7c80000)
  from space 5120K, 0% used [0x00000000d8180000,0x00000000d8180000,0x00000000d8680000)
  to   space 5120K, 0% used [0x00000000d7c80000,0x00000000d7c80000,0x00000000d8180000)
 ParOldGen       total 87552K, used 0K [0x0000000081400000, 0x0000000086980000, 0x00000000d5c00000)
  object space 87552K, 0% used [0x0000000081400000,0x0000000081400000,0x0000000086980000)
 Metaspace       used 11593K, capacity 11986K, committed 12160K, reserved 1060864K
  class space    used 1467K, capacity 1569K, committed 1664K, reserved 1048576K
Event: 0.972 GC heap after
Heap after GC invocations=1 (full 0):
 PSYoungGen      total 38400K, used 5106K [0x00000000d5c00000, 0x00000000d8680000, 0x0000000100000000)
  eden space 33280K, 0% used [0x00000000d5c00000,0x00000000d5c00000,0x00000000d7c80000)
  from space 5120K, 99% used [0x00000000d7c80000,0x00000000d817c8b0,0x00000000d8180000)
  to   space 5120K, 0% used [0x00000000d8180000,0x00000000d8180000,0x00000000d8680000)
 ParOldGen       total 87552K, used 94K [0x0000000081400000, 0x0000000086980000, 0x00000000d5c00000)
  object space 87552K, 0% used [0x0000000081400000,0x0000000081417b48,0x0000000086980000)
 Metaspace       used 11593K, capacity 11986K, committed 12160K, reserved 1060864K
  class space    used 1467K, capacity 1569K, committed 1664K, reserved 1048576K
}
Event: 1.180 GC heap before
{Heap before GC invocations=2 (full 0):
 PSYoungGen      total 38400K, used 38386K [0x00000000d5c00000, 0x00000000d8680000, 0x0000000100000000)
  eden space 33280K, 100% used [0x00000000d5c00000,0x00000000d7c80000,0x00000000d7c80000)
  from space 5120K, 99% used [0x00000000d7c80000,0x00000000d817c8b0,0x00000000d8180000)
  to   space 5120K, 0% used [0x00000000d8180000,0x00000000d8180000,0x00000000d8680000)
 ParOldGen       total 87552K, used 94K [0x0000000081400000, 0x0000000086980000, 0x00000000d5c00000)
  object space 87552K, 0% used [0x0000000081400000,0x0000000081417b48,0x0000000086980000)
 Metaspace       used 14393K, capacity 14804K, committed 14976K, reserved 1062912K
  class space    used 1933K, capacity 2054K, committed 2176K, reserved 1048576K
Event: 1.186 GC heap after
Heap after GC invocations=2 (full 0):
 PSYoungGen      total 38400K, used 5100K [0x00000000d5c00000, 0x00000000d8680000, 0x0000000100000000)
  eden space 33280K, 0% used [0x00000000d5c00000,0x00000000d5c00000,0x00000000d7c80000)
  from space 5120K, 99% used [0x00000000d8180000,0x00000000d867b008,0x00000000d8680000)
  to   space 5120K, 0% used [0x00000000d7c80000,0x00000000d7c80000,0x00000000d8180000)
 ParOldGen       total 87552K, used 1133K [0x0000000081400000, 0x0000000086980000, 0x00000000d5c00000)
  object space 87552K, 1% used [0x0000000081400000,0x000000008151b4f0,0x0000000086980000)
 Metaspace       used 14393K, capacity 14804K, committed 14976K, reserved 1062912K
  class space    used 1933K, capacity 2054K, committed 2176K, reserved 1048576K
}
Event: 1.419 GC heap before
{Heap before GC invocations=3 (full 0):
 PSYoungGen      total 38400K, used 38380K [0x00000000d5c00000, 0x00000000d8680000, 0x0000000100000000)
  eden space 33280K, 100% used [0x00000000d5c00000,0x00000000d7c80000,0x00000000d7c80000)
  from space 5120K, 99% used [0x00000000d8180000,0x00000000d867b008,0x00000000d8680000)
  to   space 5120K, 0% used [0x00000000d7c80000,0x00000000d7c80000,0x00000000d8180000)
 ParOldGen       total 87552K, used 1133K [0x0000000081400000, 0x0000000086980000, 0x00000000d5c00000)
  object space 87552K, 1% used [0x0000000081400000,0x000000008151b4f0,0x0000000086980000)
 Metaspace       used 18709K, capacity 19234K, committed 19328K, reserved 1067008K
  class space    used 2503K, capacity 2669K, committed 2688K, reserved 1048576K
Event: 1.427 GC heap after
Heap after GC invocations=3 (full 0):
 PSYoungGen      total 38400K, used 5114K [0x00000000d5c00000, 0x00000000d8680000, 0x0000000100000000)
  eden space 33280K, 0% used [0x00000000d5c00000,0x00000000d5c00000,0x00000000d7c80000)
  from space 5120K, 99% used [0x00000000d7c80000,0x00000000d817e9c0,0x00000000d8180000)
  to   space 5120K, 0% used [0x00000000d8180000,0x00000000d8180000,0x00000000d8680000)
 ParOldGen       total 87552K, used 3959K [0x0000000081400000, 0x0000000086980000, 0x00000000d5c00000)
  object space 87552K, 4% used [0x0000000081400000,0x00000000817ddfd0,0x0000000086980000)
 Metaspace       used 18709K, capacity 19234K, committed 19328K, reserved 1067008K
  class space    used 2503K, capacity 2669K, committed 2688K, reserved 1048576K
}
Event: 1.453 GC heap before
{Heap before GC invocations=4 (full 0):
 PSYoungGen      total 38400K, used 9134K [0x00000000d5c00000, 0x00000000d8680000, 0x0000000100000000)
  eden space 33280K, 12% used [0x00000000d5c00000,0x00000000d5fed1f0,0x00000000d7c80000)
  from space 5120K, 99% used [0x00000000d7c80000,0x00000000d817e9c0,0x00000000d8180000)
  to   space 5120K, 0% used [0x00000000d8180000,0x00000000d8180000,0x00000000d8680000)
 ParOldGen       total 87552K, used 3959K [0x0000000081400000, 0x0000000086980000, 0x00000000d5c00000)
  object space 87552K, 4% used [0x0000000081400000,0x00000000817ddfd0,0x0000000086980000)
 Metaspace       used 19025K, capacity 19616K, committed 19712K, reserved 1071104K
  class space    used 2560K, capacity 2722K, committed 2816K, reserved 1048576K

Deoptimization events (0 events):
No events

Classes redefined (0 events):
No events

Internal exceptions (10 events):
Event: 1.166 Thread 0x00000216697cb000 Exception <a 'java/lang/ArrayIndexOutOfBoundsException'> (0x00000000d7ada748) thrown at [C:\jenkins\workspace\8-2-build-windows-amd64-cygwin\jdk8u301\1513\hotspot\src\share\vm\runtime\sharedRuntime.cpp, line 609]
Event: 1.166 Thread 0x00000216697cb000 Exception <a 'java/lang/ArrayIndexOutOfBoundsException'> (0x00000000d7adc430) thrown at [C:\jenkins\workspace\8-2-build-windows-amd64-cygwin\jdk8u301\1513\hotspot\src\share\vm\runtime\sharedRuntime.cpp, line 609]
Event: 1.168 Thread 0x00000216697cb000 Exception <a 'java/lang/ArrayIndexOutOfBoundsException'> (0x00000000d7b01550) thrown at [C:\jenkins\workspace\8-2-build-windows-amd64-cygwin\jdk8u301\1513\hotspot\src\share\vm\runtime\sharedRuntime.cpp, line 609]
Event: 1.168 Thread 0x00000216697cb000 Exception <a 'java/lang/ArrayIndexOutOfBoundsException'> (0x00000000d7b18cf8) thrown at [C:\jenkins\workspace\8-2-build-windows-amd64-cygwin\jdk8u301\1513\hotspot\src\share\vm\runtime\sharedRuntime.cpp, line 609]
Event: 1.169 Thread 0x00000216697cb000 Exception <a 'java/lang/ArrayIndexOutOfBoundsException'> (0x00000000d7b302f0) thrown at [C:\jenkins\workspace\8-2-build-windows-amd64-cygwin\jdk8u301\1513\hotspot\src\share\vm\runtime\sharedRuntime.cpp, line 609]
Event: 1.169 Thread 0x00000216697cb000 Exception <a 'java/lang/ArrayIndexOutOfBoundsException'> (0x00000000d7b44398) thrown at [C:\jenkins\workspace\8-2-build-windows-amd64-cygwin\jdk8u301\1513\hotspot\src\share\vm\runtime\sharedRuntime.cpp, line 609]
Event: 1.218 Thread 0x00000216697cb000 Exception <a 'java/lang/ArrayIndexOutOfBoundsException'> (0x00000000d61ae330) thrown at [C:\jenkins\workspace\8-2-build-windows-amd64-cygwin\jdk8u301\1513\hotspot\src\share\vm\runtime\sharedRuntime.cpp, line 609]
Event: 1.218 Thread 0x00000216697cb000 Exception <a 'java/lang/ArrayIndexOutOfBoundsException'> (0x00000000d61aeeb8) thrown at [C:\jenkins\workspace\8-2-build-windows-amd64-cygwin\jdk8u301\1513\hotspot\src\share\vm\runtime\sharedRuntime.cpp, line 609]
Event: 1.218 Thread 0x00000216697cb000 Exception <a 'java/lang/ArrayIndexOutOfBoundsException'> (0x00000000d61b0988) thrown at [C:\jenkins\workspace\8-2-build-windows-amd64-cygwin\jdk8u301\1513\hotspot\src\share\vm\runtime\sharedRuntime.cpp, line 609]
Event: 1.345 Thread 0x00000216697cb000 Exception <a 'java/lang/IncompatibleClassChangeError': Found class java.lang.Object, but interface was expected> (0x00000000d70f1718) thrown at [C:\jenkins\workspace\8-2-build-windows-amd64-cygwin\jdk8u301\1513\hotspot\src\share\vm\interpreter\linkResolve

Events (10 events):
Event: 1.449 loading class org/springframework/boot/context/properties/bind/BeanPropertyName done
Event: 1.450 loading class org/springframework/boot/context/properties/bind/JavaBeanBinder$BeanSupplier
Event: 1.450 loading class org/springframework/boot/context/properties/bind/JavaBeanBinder$BeanSupplier done
Event: 1.450 loading class org/springframework/boot/context/properties/bind/Bindable
Event: 1.450 loading class org/springframework/boot/context/properties/bind/Bindable done
Event: 1.450 loading class org/springframework/boot/context/properties/bind/JavaBeanBinder$Bean
Event: 1.450 loading class org/springframework/boot/context/properties/bind/JavaBeanBinder$Bean done
Event: 1.451 loading class org/springframework/core/MethodParameter
Event: 1.451 loading class org/springframework/core/MethodParameter done
Event: 1.452 Executing VM operation: CollectForMetadataAllocation


Dynamic libraries:
0x00007ff6776f0000 - 0x00007ff677737000 	C:\Program Files\Java\jre1.8.0_301\bin\javaw.exe
0x00007fff79af0000 - 0x00007fff79ce5000 	C:\WINDOWS\SYSTEM32\ntdll.dll
0x00007fff77b40000 - 0x00007fff77bfe000 	C:\WINDOWS\System32\KERNEL32.DLL
0x00007fff775e0000 - 0x00007fff778a9000 	C:\WINDOWS\System32\KERNELBASE.dll
0x00007fff77d30000 - 0x00007fff77ddc000 	C:\WINDOWS\System32\ADVAPI32.dll
0x00007fff77c30000 - 0x00007fff77cce000 	C:\WINDOWS\System32\msvcrt.dll
0x00007fff784c0000 - 0x00007fff7855b000 	C:\WINDOWS\System32\sechost.dll
0x00007fff79980000 - 0x00007fff79aaa000 	C:\WINDOWS\System32\RPCRT4.dll
0x00007fff78680000 - 0x00007fff78821000 	C:\WINDOWS\System32\USER32.dll
0x00007fff77ab0000 - 0x00007fff77ad2000 	C:\WINDOWS\System32\win32u.dll
0x00007fff77c00000 - 0x00007fff77c2b000 	C:\WINDOWS\System32\GDI32.dll
0x00007fff774d0000 - 0x00007fff775db000 	C:\WINDOWS\System32\gdi32full.dll
0x00007fff778b0000 - 0x00007fff7794d000 	C:\WINDOWS\System32\msvcp_win.dll
0x00007fff772f0000 - 0x00007fff773f0000 	C:\WINDOWS\System32\ucrtbase.dll
0x00007fff5c560000 - 0x00007fff5c7fa000 	C:\WINDOWS\WinSxS\amd64_microsoft.windows.common-controls_6595b64144ccf1df_6.0.19041.1110_none_60b5254171f9507e\COMCTL32.dll
0x00007fff78fb0000 - 0x00007fff78fe0000 	C:\WINDOWS\System32\IMM32.DLL
0x00007fff63450000 - 0x00007fff63465000 	C:\Program Files\Java\jre1.8.0_301\bin\vcruntime140.dll
0x00007fff551e0000 - 0x00007fff5527b000 	C:\Program Files\Java\jre1.8.0_301\bin\msvcp140.dll
0x00000000720b0000 - 0x0000000072910000 	C:\Program Files\Java\jre1.8.0_301\bin\server\jvm.dll
0x00007fff78330000 - 0x00007fff78338000 	C:\WINDOWS\System32\PSAPI.DLL
0x00007fff62e90000 - 0x00007fff62e9a000 	C:\WINDOWS\SYSTEM32\VERSION.dll
0x00007fff70c20000 - 0x00007fff70c29000 	C:\WINDOWS\SYSTEM32\WSOCK32.dll
0x00007fff5c8f0000 - 0x00007fff5c917000 	C:\WINDOWS\SYSTEM32\WINMM.dll
0x00007fff791d0000 - 0x00007fff7923b000 	C:\WINDOWS\System32\WS2_32.dll
0x00007fff75e10000 - 0x00007fff75e22000 	C:\WINDOWS\SYSTEM32\kernel.appcore.dll
0x00007fff6cd20000 - 0x00007fff6cd30000 	C:\Program Files\Java\jre1.8.0_301\bin\verify.dll
0x00007fff62ad0000 - 0x00007fff62afb000 	C:\Program Files\Java\jre1.8.0_301\bin\java.dll
0x00007fff63330000 - 0x00007fff63348000 	C:\Program Files\Java\jre1.8.0_301\bin\zip.dll
0x00007fff79240000 - 0x00007fff7997f000 	C:\WINDOWS\System32\SHELL32.dll
0x00007fff74d20000 - 0x00007fff754b0000 	C:\WINDOWS\SYSTEM32\windows.storage.dll
0x00007fff77e40000 - 0x00007fff78195000 	C:\WINDOWS\System32\combase.dll
0x00007fff76c60000 - 0x00007fff76c8c000 	C:\WINDOWS\SYSTEM32\Wldp.dll
0x00007fff78410000 - 0x00007fff784bd000 	C:\WINDOWS\System32\SHCORE.dll
0x00007fff79170000 - 0x00007fff791c5000 	C:\WINDOWS\System32\shlwapi.dll
0x00007fff77150000 - 0x00007fff7716f000 	C:\WINDOWS\SYSTEM32\profapi.dll
0x00007fff69d70000 - 0x00007fff69d7d000 	C:\Program Files\Java\jre1.8.0_301\bin\management.dll
0x00007fff62ab0000 - 0x00007fff62acc000 	C:\Program Files\Java\jre1.8.0_301\bin\net.dll
0x00007fff769c0000 - 0x00007fff76a2a000 	C:\WINDOWS\system32\mswsock.dll
0x00007fff62a00000 - 0x00007fff62a13000 	C:\Program Files\Java\jre1.8.0_301\bin\nio.dll
0x00007fff5c2d0000 - 0x00007fff5c2e7000 	C:\WINDOWS\system32\napinsp.dll
0x00007fff5c3b0000 - 0x00007fff5c3cb000 	C:\WINDOWS\system32\pnrpnsp.dll
0x00007fff56ca0000 - 0x00007fff56cb5000 	C:\WINDOWS\system32\wshbth.dll
0x00007fff6edf0000 - 0x00007fff6ee0d000 	C:\WINDOWS\system32\NLAapi.dll
0x00007fff76660000 - 0x00007fff7669b000 	C:\WINDOWS\SYSTEM32\IPHLPAPI.DLL
0x00007fff766a0000 - 0x00007fff7676c000 	C:\WINDOWS\SYSTEM32\DNSAPI.dll
0x00007fff78a80000 - 0x00007fff78a88000 	C:\WINDOWS\System32\NSI.dll
0x00007fff69ee0000 - 0x00007fff69ef2000 	C:\WINDOWS\System32\winrnr.dll
0x00007fff69680000 - 0x00007fff6968a000 	C:\Windows\System32\rasadhlp.dll
0x00007fff693b0000 - 0x00007fff6942f000 	C:\WINDOWS\System32\fwpuclnt.dll
0x00007fff772c0000 - 0x00007fff772e7000 	C:\WINDOWS\System32\bcrypt.dll
0x00007fff76bb0000 - 0x00007fff76bc8000 	C:\WINDOWS\SYSTEM32\CRYPTSP.dll
0x00007fff762d0000 - 0x00007fff76304000 	C:\WINDOWS\system32\rsaenh.dll
0x00007fff77110000 - 0x00007fff7713e000 	C:\WINDOWS\SYSTEM32\USERENV.dll
0x00007fff773f0000 - 0x00007fff77473000 	C:\WINDOWS\System32\bcryptprimitives.dll
0x00007fff76bd0000 - 0x00007fff76bdc000 	C:\WINDOWS\SYSTEM32\CRYPTBASE.dll
0x00007fff6ccb0000 - 0x00007fff6ccc7000 	C:\WINDOWS\SYSTEM32\dhcpcsvc6.DLL
0x00007fff6ceb0000 - 0x00007fff6cecd000 	C:\WINDOWS\SYSTEM32\dhcpcsvc.DLL

VM Arguments:
jvm_args: -Dcom.sun.management.jmxremote -Dcom.sun.management.jmxremote.port=52917 -Dcom.sun.management.jmxremote.authenticate=false -Dcom.sun.management.jmxremote.ssl=false -Djava.rmi.server.hostname=localhost -Dspring.jmx.enabled=true -Dspring.application.admin.enabled=true -Xverify:none -XX:TieredStopAtLevel=1 -Dfile.encoding=UTF-8 
java_command: br.com.alura.microservice.fornecedor.FornecedorApplication --spring.output.ansi.enabled=always
java_class_path (initial): C:\loja-spring-cloud\fornecedor\target\classes;C:\Users\danie\.m2\repository\org\springframework\boot\spring-boot-starter-data-jpa\2.1.5.RELEASE\spring-boot-starter-data-jpa-2.1.5.RELEASE.jar;C:\Users\danie\.m2\repository\org\springframework\boot\spring-boot-starter-aop\2.1.5.RELEASE\spring-boot-starter-aop-2.1.5.RELEASE.jar;C:\Users\danie\.m2\repository\org\springframework\spring-aop\5.1.7.RELEASE\spring-aop-5.1.7.RELEASE.jar;C:\Users\danie\.m2\repository\org\aspectj\aspectjweaver\1.9.4\aspectjweaver-1.9.4.jar;C:\Users\danie\.m2\repository\org\springframework\boot\spring-boot-starter-jdbc\2.1.5.RELEASE\spring-boot-starter-jdbc-2.1.5.RELEASE.jar;C:\Users\danie\.m2\repository\com\zaxxer\HikariCP\3.2.0\HikariCP-3.2.0.jar;C:\Users\danie\.m2\repository\org\springframework\spring-jdbc\5.1.7.RELEASE\spring-jdbc-5.1.7.RELEASE.jar;C:\Users\danie\.m2\repository\javax\transaction\javax.transaction-api\1.3\javax.transaction-api-1.3.jar;C:\Users\danie\.m2\repository\javax\xml\bind\jaxb-api\2.3.1\jaxb-api-2.3.1.jar;C:\Users\danie\.m2\repository\javax\activation\javax.activation-api\1.2.0\javax.activation-api-1.2.0.jar;C:\Users\danie\.m2\repository\org\hibernate\hibernate-core\5.3.10.Final\hibernate-core-5.3.10.Final.jar;C:\Users\danie\.m2\repository\org\jboss\logging\jboss-logging\3.3.2.Final\jboss-logging-3.3.2.Final.jar;C:\Users\danie\.m2\repository\javax\persistence\javax.persistence-api\2.2\javax.persistence-api-2.2.jar;C:\Users\danie\.m2\repository\org\javassist\javassist\3.23.2-GA\javassist-3.23.2-GA.jar;C:\Users\danie\.m2\repository\net\bytebuddy\byte-buddy\1.9.12\byte-buddy-1.9.12.jar;C:\Users\danie\.m2\repository\antlr\antlr\2.7.7\antlr-2.7.7.jar;C:\Users\danie\.m2\repository\org\jboss\jandex\2.0.5.Final\jandex-2.0.5.Final.jar;C:\Users\danie\.m2\repository\com\fasterxml\classmate\1.4.0\classmate-1.4.0.jar;C:\Users\danie\.m2\repository\org\dom4j\dom4j\2.1.1\dom4j-2.1.1.jar;C:\Users\danie\.m2\repository\org\hibernate\common\hibernate-commons-a
Launcher Type: SUN_STANDARD

Environment Variables:
JAVA_HOME=C:\Program Files\Java\jdk1.8.0_301
PATH=C:/Program Files/Java/jre1.8.0_301/bin/server;C:/Program Files/Java/jre1.8.0_301/bin;C:/Program Files/Java/jre1.8.0_301/lib/amd64;C:\app\danie\product\18.0.0\dbhomeXE\bin;C:\Program Files (x86)\Common Files\Oracle\Java\javapath;C:\Program Files (x86)\Intel\Intel(R) Management Engine Components\iCLS\;C:\Program Files\Intel\Intel(R) Management Engine Components\iCLS\;C:\windows\system32;C:\windows;C:\windows\System32\Wbem;C:\windows\System32\WindowsPowerShell\v1.0\;C:\Program Files (x86)\NVIDIA Corporation\PhysX\Common;C:\Program Files (x86)\Intel\Intel(R) Management Engine Components\DAL;C:\Program Files\Intel\Intel(R) Management Engine Components\DAL;C:\Program Files (x86)\Intel\Intel(R) Management Engine Components\IPT;C:\Program Files\Intel\Intel(R) Management Engine Components\IPT;C:\WINDOWS\system32;C:\WINDOWS;C:\WINDOWS\System32\Wbem;C:\WINDOWS\System32\WindowsPowerShell\v1.0\;C:\WINDOWS\System32\OpenSSH\;C:\Program Files\Git\cmd;C:\Program Files\nodejs\;C:\Program Files (x86)\HP\Common\HPDestPlgIn\;C:\Program Files\MySQL\MySQL Shell 8.0\bin\;C:\Users\danie\AppData\Local\Microsoft\WindowsApps;C:\Users\danie\AppData\Roaming\npm;C:\Users\danie\AppData\Local\Programs\Microsoft VS Code\bin;C:\Program Files\php;C:\Program Files (x86)\HP\Common\HPDestPlgIn\;C:\Program Files\JetBrains\IntelliJ IDEA Community Edition 2021.2\bin;;C:\Program Files\SpringTools-4.3.2;
USERNAME=danie
OS=Windows_NT
PROCESSOR_IDENTIFIER=Intel64 Family 6 Model 142 Stepping 10, GenuineIntel



---------------  S Y S T E M  ---------------

OS: Windows 10.0 , 64 bit Build 19041 (10.0.19041.1202)

CPU:total 8 (initial active 8) (4 cores per cpu, 2 threads per core) family 6 model 142 stepping 10, cmov, cx8, fxsr, mmx, sse, sse2, sse3, ssse3, sse4.1, sse4.2, popcnt, avx, avx2, aes, clmul, erms, 3dnowpref, lzcnt, ht, tsc, tscinvbit, bmi1, bmi2, adx

Memory: 4k page, physical 8300912k(1916860k free), swap 8300912k(5136k free)

vm_info: Java HotSpot(TM) 64-Bit Server VM (25.301-b09) for windows-amd64 JRE (1.8.0_301-b09), built on Jun  9 2021 06:46:21 by "java_re" with MS VC++ 15.9 (VS2017)

time: Sat Oct 23 10:08:58 2021
timezone: Hora oficial do Brasil
elapsed time: 1.500695 seconds (0d 0h 0m 1s)

